<?xml version="1.0" encoding="UTF-8"?>
<!-- Generated by org.testng.reporters.JUnitReportReporter -->
<testsuite hostname="DESKTOP-B0SMVD6" failures="0" tests="2" name="onBuy.com.TC.DeleteSubCategoryTest" time="6.619" errors="0" timestamp="2023-07-12T17:43:19 IST" skipped="0">
  <testcase classname="onBuy.com.TC.DeleteSubCategoryTest" name="checkinUserModule" time="3.417"/>
  <system-out/>
  <testcase classname="onBuy.com.TC.DeleteSubCategoryTest" name="DeleteSubcategorytest" time="3.202"/>
  <system-out/>
</testsuite> <!-- onBuy.com.TC.DeleteSubCategoryTest -->
